  Main.cpp
C:\Users\Malte\Projects\RiverECS\build\include\ECS\ComponentTypeRegistry.h(36,1): warning C4267: 'return': conversion from 'size_t' to 'unsigned int', possible loss of data
C:\Users\Malte\Projects\RiverECS\Tests\src\UnitTests\TestComponents.h(8,43): error C2653: 'ECS': is not a class or namespace name
C:\Users\Malte\Projects\RiverECS\Tests\src\UnitTests\TestComponents.h(8,43): error C2504: 'Component': base class undefined
C:\Users\Malte\Projects\RiverECS\Tests\src\UnitTests\TestComponents.h(13,43): error C2653: 'ECS': is not a class or namespace name
C:\Users\Malte\Projects\RiverECS\Tests\src\UnitTests\TestComponents.h(13,43): error C2504: 'Component': base class undefined
C:\Users\Malte\Projects\RiverECS\Tests\src\UnitTests\TestComponents.h(20,43): error C2653: 'ECS': is not a class or namespace name
C:\Users\Malte\Projects\RiverECS\Tests\src\UnitTests\TestComponents.h(20,43): error C2504: 'Component': base class undefined
C:\Users\Malte\Projects\RiverECS\Tests\src\UnitTests\TestComponents.h(27,43): error C2653: 'ECS': is not a class or namespace name
C:\Users\Malte\Projects\RiverECS\Tests\src\UnitTests\TestComponents.h(27,43): error C2504: 'Component': base class undefined
C:\Users\Malte\Projects\RiverECS\Tests\src\UnitTests\TestComponents.h(34,43): error C2653: 'ECS': is not a class or namespace name
C:\Users\Malte\Projects\RiverECS\Tests\src\UnitTests\TestComponents.h(34,43): error C2504: 'Component': base class undefined
C:\Users\Malte\Projects\RiverECS\Tests\src\UnitTests\TestComponents.h(41,43): error C2653: 'ECS': is not a class or namespace name
C:\Users\Malte\Projects\RiverECS\Tests\src\UnitTests\TestComponents.h(41,43): error C2504: 'Component': base class undefined
C:\Users\Malte\Projects\RiverECS\Tests\src\UnitTests\TestComponents.h(48,43): error C2653: 'ECS': is not a class or namespace name
C:\Users\Malte\Projects\RiverECS\Tests\src\UnitTests\TestComponents.h(48,43): error C2504: 'Component': base class undefined
C:\Users\Malte\Projects\RiverECS\Tests\src\UnitTests\TestComponents.h(55,43): error C2653: 'ECS': is not a class or namespace name
C:\Users\Malte\Projects\RiverECS\Tests\src\UnitTests\TestComponents.h(55,43): error C2504: 'Component': base class undefined
C:\Users\Malte\Projects\RiverECS\Tests\src\UnitTests\TestComponents.h(62,43): error C2653: 'ECS': is not a class or namespace name
C:\Users\Malte\Projects\RiverECS\Tests\src\UnitTests\TestComponents.h(62,43): error C2504: 'Component': base class undefined
C:\Users\Malte\Projects\RiverECS\Tests\src\UnitTests\TestComponents.h(69,43): error C2653: 'ECS': is not a class or namespace name
C:\Users\Malte\Projects\RiverECS\Tests\src\UnitTests\TestComponents.h(69,43): error C2504: 'Component': base class undefined
C:\Users\Malte\Projects\RiverECS\Tests\src\UnitTests\General.h(144,38): error C2653: 'ECS': is not a class or namespace name
C:\Users\Malte\Projects\RiverECS\Tests\src\UnitTests\General.h(144,38): error C2061: syntax error: identifier 'Entity'
C:\Users\Malte\Projects\RiverECS\Tests\src\UnitTests\General.h(145,43): error C2653: 'ECS': is not a class or namespace name
C:\Users\Malte\Projects\RiverECS\Tests\src\UnitTests\General.h(145,43): error C2061: syntax error: identifier 'Entity'
C:\Users\Malte\Projects\RiverECS\Tests\src\UnitTests\General.h(152,1): error C2653: 'ECS': is not a class or namespace name
C:\Users\Malte\Projects\RiverECS\Tests\src\UnitTests\General.h(162): message : see reference to class template instantiation 'ComponentType<Component>' being compiled
C:\Users\Malte\Projects\RiverECS\Tests\src\UnitTests\General.h(152,1): error C2061: syntax error: identifier 'Entity'
C:\Users\Malte\Projects\RiverECS\Tests\src\UnitTests\General.h(155,1): error C2653: 'ECS': is not a class or namespace name
C:\Users\Malte\Projects\RiverECS\Tests\src\UnitTests\General.h(155,1): error C2061: syntax error: identifier 'Entity'
C:\Users\Malte\Projects\RiverECS\Tests\src\UnitTests\General.h(153,3): error C3861: 'entity': identifier not found
C:\Users\Malte\Projects\RiverECS\Tests\src\UnitTests\General.h(156,3): error C3861: 'entity': identifier not found
C:\Users\Malte\Projects\RiverECS\Tests\src\UnitTests\General.h(166,38): error C2653: 'ECS': is not a class or namespace name
C:\Users\Malte\Projects\RiverECS\Tests\src\UnitTests\General.h(166,38): error C2061: syntax error: identifier 'Domain'
C:\Users\Malte\Projects\RiverECS\Tests\src\UnitTests\General.h(173,1): error C2653: 'ECS': is not a class or namespace name
C:\Users\Malte\Projects\RiverECS\Tests\src\UnitTests\General.h(188): message : see reference to class template instantiation 'Query<Components...>' being compiled
C:\Users\Malte\Projects\RiverECS\Tests\src\UnitTests\General.h(173,1): error C2061: syntax error: identifier 'Domain'
C:\Users\Malte\Projects\RiverECS\Tests\src\UnitTests\General.h(175,3): error C3861: 'domain': identifier not found
C:\Users\Malte\Projects\RiverECS\Tests\src\UnitTests\General.h(192,21): error C2653: 'ECS': is not a class or namespace name
C:\Users\Malte\Projects\RiverECS\Tests\src\UnitTests\General.h(192,21): error C2143: syntax error: missing ';' before '*'
C:\Users\Malte\Projects\RiverECS\Tests\src\UnitTests\General.h(192,21): error C2433: 'IEntityType::Entity': 'virtual' not permitted on data declarations
C:\Users\Malte\Projects\RiverECS\Tests\src\UnitTests\General.h(192,21): error C4430: missing type specifier - int assumed. Note: C++ does not support default-int
C:\Users\Malte\Projects\RiverECS\Tests\src\UnitTests\General.h(192,41): error C2653: 'ECS': is not a class or namespace name
C:\Users\Malte\Projects\RiverECS\Tests\src\UnitTests\General.h(192,54): error C2238: unexpected token(s) preceding ';'
C:\Users\Malte\Projects\RiverECS\Tests\src\UnitTests\General.h(282,25): error C2653: 'ECS': is not a class or namespace name
C:\Users\Malte\Projects\RiverECS\Tests\src\UnitTests\General.h(282,19): error C2065: 'Entity': undeclared identifier
C:\Users\Malte\Projects\RiverECS\Tests\src\UnitTests\General.h(282,26): error C2059: syntax error: '>'
C:\Users\Malte\Projects\RiverECS\Tests\src\UnitTests\General.h(283,32): error C2653: 'ECS': is not a class or namespace name
C:\Users\Malte\Projects\RiverECS\Tests\src\UnitTests\General.h(283,26): error C2065: 'Entity': undeclared identifier
C:\Users\Malte\Projects\RiverECS\Tests\src\UnitTests\General.h(283,33): error C2059: syntax error: ','
C:\Users\Malte\Projects\RiverECS\Tests\src\UnitTests\General.h(286,14): error C2653: 'ECS': is not a class or namespace name
C:\Users\Malte\Projects\RiverECS\Tests\src\UnitTests\General.h(286,20): error C3646: 'domain': unknown override specifier
C:\Users\Malte\Projects\RiverECS\Tests\src\UnitTests\General.h(286,20): error C4430: missing type specifier - int assumed. Note: C++ does not support default-int
C:\Users\Malte\Projects\RiverECS\Tests\src\UnitTests\General.h(204,3): error C2065: 'domain': undeclared identifier
C:\Users\Malte\Projects\RiverECS\Tests\src\UnitTests\General.h(207,41): error C2065: 'domain': undeclared identifier
C:\Users\Malte\Projects\RiverECS\Tests\src\UnitTests\General.h(215,21): error C2672: 'begin': no matching overloaded function found
C:\Users\Malte\Projects\RiverECS\Tests\src\UnitTests\General.h(215,1): error C2893: Failed to specialize function template 'unknown-type std::begin(_Container &)'
C:\Program Files (x86)\Microsoft Visual Studio\2019\Community\VC\Tools\MSVC\14.26.28801\include\xutility(1961): message : see declaration of 'std::begin'
C:\Users\Malte\Projects\RiverECS\Tests\src\UnitTests\General.h(215,1): message : With the following template arguments:
C:\Users\Malte\Projects\RiverECS\Tests\src\UnitTests\General.h(215,1): message : '_Container=unknown-type'
C:\Users\Malte\Projects\RiverECS\Tests\src\UnitTests\General.h(215,1): error C2784: 'const _Elem *std::begin(std::initializer_list<_Elem>) noexcept': could not deduce template argument for 'std::initializer_list<_Elem>' from 'unknown-type'
C:\Program Files (x86)\Microsoft Visual Studio\2019\Community\VC\Tools\MSVC\14.26.28801\include\initializer_list(57): message : see declaration of 'std::begin'
C:\Users\Malte\Projects\RiverECS\Tests\src\UnitTests\General.h(215,21): error C2672: 'end': no matching overloaded function found
C:\Users\Malte\Projects\RiverECS\Tests\src\UnitTests\General.h(215,1): error C2893: Failed to specialize function template 'unknown-type std::end(_Container &)'
C:\Program Files (x86)\Microsoft Visual Studio\2019\Community\VC\Tools\MSVC\14.26.28801\include\xutility(1971): message : see declaration of 'std::end'
C:\Users\Malte\Projects\RiverECS\Tests\src\UnitTests\General.h(215,1): message : With the following template arguments:
C:\Users\Malte\Projects\RiverECS\Tests\src\UnitTests\General.h(215,1): message : '_Container=unknown-type'
C:\Users\Malte\Projects\RiverECS\Tests\src\UnitTests\General.h(215,1): error C2784: 'const _Elem *std::end(std::initializer_list<_Elem>) noexcept': could not deduce template argument for 'std::initializer_list<_Elem>' from 'unknown-type'
C:\Program Files (x86)\Microsoft Visual Studio\2019\Community\VC\Tools\MSVC\14.26.28801\include\initializer_list(63): message : see declaration of 'std::end'
C:\Users\Malte\Projects\RiverECS\Tests\src\UnitTests\General.h(215,1): error C3536: '<begin>$L0': cannot be used before it is initialized
C:\Users\Malte\Projects\RiverECS\Tests\src\UnitTests\General.h(215,1): error C3536: '<end>$L0': cannot be used before it is initialized
C:\Users\Malte\Projects\RiverECS\Tests\src\UnitTests\General.h(215,38): error C2100: illegal indirection
C:\Users\Malte\Projects\RiverECS\Tests\src\UnitTests\General.h(219,1): error C3536: 'entityComponents': cannot be used before it is initialized
C:\Users\Malte\Projects\RiverECS\Tests\src\UnitTests\General.h(232,17): error C2065: 'domain': undeclared identifier
C:\Users\Malte\Projects\RiverECS\Tests\src\UnitTests\General.h(237,1): error C3536: 'entity': cannot be used before it is initialized
C:\Users\Malte\Projects\RiverECS\Tests\src\UnitTests\General.h(237,22): error C2530: 'componentSet': references must be initialized
C:\Users\Malte\Projects\RiverECS\Tests\src\UnitTests\General.h(239,21): warning C4018: '<': signed/unsigned mismatch
C:\Users\Malte\Projects\RiverECS\Tests\src\UnitTests\General.h(241,1): error C2660: 'IComponentType::addToEntity': function does not take 1 arguments
C:\Users\Malte\Projects\RiverECS\Tests\src\UnitTests\General.h(144,15): message : see declaration of 'IComponentType::addToEntity'
C:\Users\Malte\Projects\RiverECS\Tests\src\UnitTests\General.h(242,1): error C3536: 'componentSet': cannot be used before it is initialized
C:\Users\Malte\Projects\RiverECS\Tests\src\UnitTests\General.h(252,1): error C3536: 'listIterator': cannot be used before it is initialized
C:\Users\Malte\Projects\RiverECS\Tests\src\UnitTests\General.h(252,17): error C2100: illegal indirection
C:\Users\Malte\Projects\RiverECS\Tests\src\UnitTests\General.h(257,3): error C2065: 'domain': undeclared identifier
C:\Users\Malte\Projects\RiverECS\Tests\src\UnitTests\Main.h(58,59): warning C4267: 'argument': conversion from 'size_t' to 'int', possible loss of data
